<?xml version="1.0" encoding="UTF-8"?>
<!-- Generated by org.testng.reporters.JUnitReportReporter -->
<testsuite skipped="0" hostname="A2ML12985" name="assignments.ValidateCredentialsTest" tests="1" failures="0" timestamp="26 Feb 2018 05:13:35 GMT" time="2.567" errors="0">
  <testcase name="validateLogin" time="2.567" classname="assignments.ValidateCredentialsTest"/>
</testsuite> <!-- assignments.ValidateCredentialsTest -->
