<?xml version="1.0" encoding="UTF-8"?>
<!-- Generated by org.testng.reporters.JUnitReportReporter -->
<testsuite skipped="0" hostname="A2ML12985" name="pomassignments.ValidateCredentialsTest" tests="1" failures="0" timestamp="26 Feb 2018 06:17:07 GMT" time="3.544" errors="0">
  <testcase name="validateLogIn" time="3.544" classname="pomassignments.ValidateCredentialsTest"/>
</testsuite> <!-- pomassignments.ValidateCredentialsTest -->
