<?xml version="1.0" encoding="UTF-8"?>
<!-- Generated by org.testng.reporters.JUnitReportReporter -->
<testsuite skipped="0" hostname="A2ML12985" name="pomassignments.VerifyText" tests="1" failures="0" timestamp="26 Feb 2018 08:54:08 GMT" time="17.168" errors="0">
  <testcase name="validateTexts" time="17.168" classname="pomassignments.VerifyText"/>
</testsuite> <!-- pomassignments.VerifyText -->
