<?xml version="1.0" encoding="UTF-8"?>
<!-- Generated by org.testng.reporters.JUnitReportReporter -->
<testsuite skipped="1" hostname="A2ML12985" name="sample.LogInFb" tests="1" failures="0" timestamp="27 Feb 2018 16:48:07 GMT" time="0.000" errors="0">
  <testcase name="FbLogIn" time="0.000" classname="sample.LogInFb">
    <skipped/>
  </testcase> <!-- FbLogIn -->
</testsuite> <!-- sample.LogInFb -->
