<?xml version="1.0" encoding="UTF-8"?>
<!-- Generated by org.testng.reporters.JUnitReportReporter -->
<testsuite skipped="0" hostname="A2ML12985" name="testngticketbooking.PrintTitle" tests="5" failures="0" timestamp="23 Feb 2018 08:20:15 GMT" time="34.804" errors="0">
  <testcase name="browser" time="7.567" classname="testngticketbooking.PrintTitle"/>
  <testcase name="browser" time="6.537" classname="testngticketbooking.PrintTitle"/>
  <testcase name="browser" time="6.376" classname="testngticketbooking.PrintTitle"/>
  <testcase name="browser" time="6.600" classname="testngticketbooking.PrintTitle"/>
  <testcase name="browser" time="7.724" classname="testngticketbooking.PrintTitle"/>
</testsuite> <!-- testngticketbooking.PrintTitle -->
