<?xml version="1.0" encoding="UTF-8"?>
<!-- Generated by org.testng.reporters.JUnitReportReporter -->
<testsuite skipped="0" hostname="A2ML12985" name="mercury.bookflight.testcases.MercuryTestCases" tests="2" failures="0" timestamp="23 Mar 2018 12:31:20 GMT" time="48.318" errors="0">
  <testcase name="validateLogIn" time="9.528" classname="mercury.bookflight.testcases.MercuryTestCases"/>
  <testcase name="bookReturnFlightTickets" time="38.790" classname="mercury.bookflight.testcases.MercuryTestCases"/>
</testsuite> <!-- mercury.bookflight.testcases.MercuryTestCases -->
